<?xml version="1.0" encoding="UTF-8"?>
<!-- Generated by org.testng.reporters.JUnitXMLReporter -->
<testsuite ignored="0" hostname="KalaI" failures="0" tests="29" name="Default test" time="128.912" errors="0" timestamp="2023-03-25T10:23:39 IST">
  <testcase classname="webapp.Testsuite" name="openurl" time="5.736"/>
  <testcase classname="webapp.Testsuite" name="Enterusrpwd" time="1.011"/>
  <testcase classname="webapp.Testsuite" name="locationsel" time="3.043"/>
  <testcase classname="webapp.Testsuite" name="verifydashboard" time="0.529"/>
  <testcase classname="webapp.Testsuite" name="registerp" time="5.497"/>
  <testcase classname="webapp.Testsuite" name="Demographicsinfo" time="7.775"/>
  <testcase classname="webapp.Testsuite" name="verifyDemographics" time="1.446"/>
  <testcase classname="webapp.Testsuite" name="verifyage" time="11.634"/>
  <testcase classname="webapp.Testsuite" name="StartVisit" time="8.112"/>
  <testcase classname="webapp.Testsuite" name="Attachmentupload" time="15.559"/>
  <testcase classname="webapp.Testsuite" name="verifytoastermsg" time="1.359"/>
  <testcase classname="webapp.Testsuite" name="RedirectPDscreen" time="3.775"/>
  <testcase classname="webapp.Testsuite" name="Verifyattachment" time="2.108"/>
  <testcase classname="webapp.Testsuite" name="verifyattachmenttag" time="1.248"/>
  <testcase classname="webapp.Testsuite" name="Endvisit" time="3.627"/>
  <testcase classname="webapp.Testsuite" name="Startvisit" time="10.077"/>
  <testcase classname="webapp.Testsuite" name="EnterVitals" time="1.886"/>
  <testcase classname="webapp.Testsuite" name="ClickSaveForm" time="0.774"/>
  <testcase classname="webapp.Testsuite" name="EndVist" time="13.47"/>
  <testcase classname="webapp.Testsuite" name="VerifyVitalsPDScreen" time="1.031"/>
  <testcase classname="webapp.Testsuite" name="VitalTag" time="0.548"/>
  <testcase classname="webapp.Testsuite" name="MergeVisit" time="5.517"/>
  <testcase classname="webapp.Testsuite" name="RedirectPDscreen1" time="3.095"/>
  <testcase classname="webapp.Testsuite" name="MergeTagCheck" time="0.816"/>
  <testcase classname="webapp.Testsuite" name="AddPastVist" time="0.892"/>
  <testcase classname="webapp.Testsuite" name="RedirectPDScreen2" time="0.696"/>
  <testcase classname="webapp.Testsuite" name="DeletePatient" time="1.219"/>
  <testcase classname="webapp.Testsuite" name="DeletePatientToastermsg" time="2.035"/>
  <testcase classname="webapp.Testsuite" name="patientIDSearch" time="5.179"/>
</testsuite> <!-- Default test -->
