<?xml version="1.0" encoding="UTF-8"?>
<!-- Generated by org.testng.reporters.JUnitXMLReporter -->
<testsuite ignored="28" hostname="KalaI" failures="1" tests="1" name="Default test" time="71.684" errors="0" timestamp="2023-03-24T00:29:45 IST">
  <testcase classname="webapp.Testsuite" name="Demographicsinfo" time="63.103">
    <failure type="org.openqa.selenium.NoSuchElementException" message="Unable to find element with locator By.xpath: //*[@id=&amp;quot;formBreadcrumb&amp;quot;]/li[1]/ul/li[1]/span
For documentation on this error, please visit: https://selenium.dev/exceptions/#no_such_element
Build info: version: &amp;apos;4.7.1&amp;apos;, revision: &amp;apos;c6795baf1a3&amp;apos;
System info: os.name: &amp;apos;Windows 10&amp;apos;, os.arch: &amp;apos;amd64&amp;apos;, os.version: &amp;apos;10.0&amp;apos;, java.version: &amp;apos;15.0.2&amp;apos;
Driver info: driver.version: RemoteWebDriver">
      <![CDATA[org.openqa.selenium.NoSuchElementException: Unable to find element with locator By.xpath: //*[@id="formBreadcrumb"]/li[1]/ul/li[1]/span
For documentation on this error, please visit: https://selenium.dev/exceptions/#no_such_element
Build info: version: '4.7.1', revision: 'c6795baf1a3'
System info: os.name: 'Windows 10', os.arch: 'amd64', os.version: '10.0', java.version: '15.0.2'
Driver info: driver.version: RemoteWebDriver
at org.openqa.selenium.remote.ElementLocation$ElementFinder$2.findElement(ElementLocation.java:165)
at org.openqa.selenium.remote.ElementLocation.findElement(ElementLocation.java:60)
at org.openqa.selenium.remote.RemoteWebDriver.findElement(RemoteWebDriver.java:367)
at org.openqa.selenium.remote.RemoteWebDriver.findElement(RemoteWebDriver.java:359)
at webapp.Testsuite.Demographicsinfo(Testsuite.java:147)
at java.base/jdk.internal.reflect.NativeMethodAccessorImpl.invoke0(Native Method)
at java.base/jdk.internal.reflect.NativeMethodAccessorImpl.invoke(NativeMethodAccessorImpl.java:64)
at java.base/jdk.internal.reflect.DelegatingMethodAccessorImpl.invoke(DelegatingMethodAccessorImpl.java:43)
at java.base/java.lang.reflect.Method.invoke(Method.java:564)
at org.testng.internal.MethodInvocationHelper.invokeMethod(MethodInvocationHelper.java:133)
at org.testng.internal.TestInvoker.invokeMethod(TestInvoker.java:598)
at org.testng.internal.TestInvoker.invokeTestMethod(TestInvoker.java:173)
at org.testng.internal.MethodRunner.runInSequence(MethodRunner.java:46)
at org.testng.internal.TestInvoker$MethodInvocationAgent.invoke(TestInvoker.java:824)
at org.testng.internal.TestInvoker.invokeTestMethods(TestInvoker.java:146)
at org.testng.internal.TestMethodWorker.invokeTestMethods(TestMethodWorker.java:146)
at org.testng.internal.TestMethodWorker.run(TestMethodWorker.java:128)
at java.base/java.util.ArrayList.forEach(ArrayList.java:1511)
at org.testng.TestRunner.privateRun(TestRunner.java:794)
at org.testng.TestRunner.run(TestRunner.java:596)
at org.testng.SuiteRunner.runTest(SuiteRunner.java:377)
at org.testng.SuiteRunner.runSequentially(SuiteRunner.java:371)
at org.testng.SuiteRunner.privateRun(SuiteRunner.java:332)
at org.testng.SuiteRunner.run(SuiteRunner.java:276)
at org.testng.SuiteRunnerWorker.runSuite(SuiteRunnerWorker.java:53)
at org.testng.SuiteRunnerWorker.run(SuiteRunnerWorker.java:96)
at org.testng.TestNG.runSuitesSequentially(TestNG.java:1212)
at org.testng.TestNG.runSuitesLocally(TestNG.java:1134)
at org.testng.TestNG.runSuites(TestNG.java:1063)
at org.testng.TestNG.run(TestNG.java:1031)
at org.testng.remote.AbstractRemoteTestNG.run(AbstractRemoteTestNG.java:115)
at org.testng.remote.RemoteTestNG.initAndRun(RemoteTestNG.java:251)
at org.testng.remote.RemoteTestNG.main(RemoteTestNG.java:77)
]]>
    </failure>
  </testcase> <!-- Demographicsinfo -->
  <testcase classname="webapp.Testsuite" name="VerifyVitalsPDScreen" time="0.0">
    <ignored/>
  </testcase> <!-- VerifyVitalsPDScreen -->
  <testcase classname="webapp.Testsuite" name="verifyDemographics" time="0.0">
    <ignored/>
  </testcase> <!-- verifyDemographics -->
  <testcase classname="webapp.Testsuite" name="MergeVisit" time="0.0">
    <ignored/>
  </testcase> <!-- MergeVisit -->
  <testcase classname="webapp.Testsuite" name="Attachmentupload" time="0.0">
    <ignored/>
  </testcase> <!-- Attachmentupload -->
  <testcase classname="webapp.Testsuite" name="locationsel" time="0.0">
    <ignored/>
  </testcase> <!-- locationsel -->
  <testcase classname="webapp.Testsuite" name="Verifyattachment" time="0.0">
    <ignored/>
  </testcase> <!-- Verifyattachment -->
  <testcase classname="webapp.Testsuite" name="verifyage" time="0.0">
    <ignored/>
  </testcase> <!-- verifyage -->
  <testcase classname="webapp.Testsuite" name="RedirectPDscreen" time="0.0">
    <ignored/>
  </testcase> <!-- RedirectPDscreen -->
  <testcase classname="webapp.Testsuite" name="registerp" time="0.0">
    <ignored/>
  </testcase> <!-- registerp -->
  <testcase classname="webapp.Testsuite" name="AddPastVist" time="0.0">
    <ignored/>
  </testcase> <!-- AddPastVist -->
  <testcase classname="webapp.Testsuite" name="DeletePatient" time="0.0">
    <ignored/>
  </testcase> <!-- DeletePatient -->
  <testcase classname="webapp.Testsuite" name="RedirectPDscreen1" time="0.0">
    <ignored/>
  </testcase> <!-- RedirectPDscreen1 -->
  <testcase classname="webapp.Testsuite" name="EndVist" time="0.0">
    <ignored/>
  </testcase> <!-- EndVist -->
  <testcase classname="webapp.Testsuite" name="VitalTag" time="0.0">
    <ignored/>
  </testcase> <!-- VitalTag -->
  <testcase classname="webapp.Testsuite" name="verifydashboard" time="0.0">
    <ignored/>
  </testcase> <!-- verifydashboard -->
  <testcase classname="webapp.Testsuite" name="Endvisit" time="0.0">
    <ignored/>
  </testcase> <!-- Endvisit -->
  <testcase classname="webapp.Testsuite" name="Startvisit" time="0.0">
    <ignored/>
  </testcase> <!-- Startvisit -->
  <testcase classname="webapp.Testsuite" name="verifyattachmenttag" time="0.0">
    <ignored/>
  </testcase> <!-- verifyattachmenttag -->
  <testcase classname="webapp.Testsuite" name="ClickSaveForm" time="0.0">
    <ignored/>
  </testcase> <!-- ClickSaveForm -->
  <testcase classname="webapp.Testsuite" name="DeletePatientToastermsg" time="0.0">
    <ignored/>
  </testcase> <!-- DeletePatientToastermsg -->
  <testcase classname="webapp.Testsuite" name="verifytoastermsg" time="0.0">
    <ignored/>
  </testcase> <!-- verifytoastermsg -->
  <testcase classname="webapp.Testsuite" name="RedirectPDScreen2" time="0.0">
    <ignored/>
  </testcase> <!-- RedirectPDScreen2 -->
  <testcase classname="webapp.Testsuite" name="EnterVitals" time="0.0">
    <ignored/>
  </testcase> <!-- EnterVitals -->
  <testcase classname="webapp.Testsuite" name="openurl" time="0.0">
    <ignored/>
  </testcase> <!-- openurl -->
  <testcase classname="webapp.Testsuite" name="Enterusrpwd" time="0.0">
    <ignored/>
  </testcase> <!-- Enterusrpwd -->
  <testcase classname="webapp.Testsuite" name="StartVisit" time="0.0">
    <ignored/>
  </testcase> <!-- StartVisit -->
  <testcase classname="webapp.Testsuite" name="MergeTagCheck" time="0.0">
    <ignored/>
  </testcase> <!-- MergeTagCheck -->
  <testcase classname="webapp.Testsuite" name="patientIDSearch" time="0.0">
    <ignored/>
  </testcase> <!-- patientIDSearch -->
</testsuite> <!-- Default test -->
